

Microchip Technology PIC LITE Macro Assembler V1.33 build 59893 
                                                                                               Thu Oct 23 20:23:58 2014

Microchip Technology Omniscient Code Generator (Lite mode) build 59893
     1                           	processor	12F675
     2                           	opt	pw 120
     3                           	opt	lm
     4                           	psect	maintext,global,class=CODE,split=1,delta=2
     5                           	psect	cinit,global,class=CODE,merge=1,delta=2
     6                           	psect	cstackCOMMON,global,class=COMMON,space=1,delta=1
     7                           	psect	cstackBANK0,global,class=BANK0,space=1,delta=1
     8                           	dabs	1,0x5E,2
     9  000A                     
    10                           	psect	maintext
    11  03FC                     __pmaintext:	
    12                           ; #config settings
    13                           
    14                           
    15                           ;psect for function _main
    16  0000                     
    17 ;;
    18 ;;Main: autosize = 0, tempsize = 0, incstack = 0, save=0
    19 ;;
    20 ;; *************** function _main *****************
    21 ;; Defined at:
    22 ;;		line 7 in file "../source_files/main.c"
    23 ;; Parameters:    Size  Location     Type
    24 ;;  argc            2    0[BANK0 ] int 
    25 ;;  argv            2    2[BANK0 ] PTR PTR unsigned char 
    26 ;; Auto vars:     Size  Location     Type
    27 ;;		None
    28 ;; Return value:  Size  Location     Type
    29 ;;                  2    0[BANK0 ] int 
    30 ;; Registers used:
    31 ;;		None
    32 ;; Tracked objects:
    33 ;;		On entry : 17F/0
    34 ;;		On exit  : 0/0
    35 ;;		Unchanged: 0/0
    36 ;; Data sizes:     COMMON   BANK0
    37 ;;      Params:         0       4
    38 ;;      Locals:         0       0
    39 ;;      Temps:          0       0
    40 ;;      Totals:         0       4
    41 ;;Total ram usage:        4 bytes
    42 ;; This function calls:
    43 ;;		Nothing
    44 ;; This function is called by:
    45 ;;		Startup code after reset
    46 ;; This function uses a non-reentrant model
    47 ;;
    48  03FC                     _main:	
    49                           
    50                           ;main.c: 9: return (0);
    51                           ;	Return value of _main is never used
    52                           
    53                           ;incstack = 0
    54                           ; Regs used in _main: []
    55  03FC  2800               	ljmp	start
    56  03FD                     __end_of_main:	
    57  005E                     btemp	set	94	;btemp
    58  005E                     wtemp	set	94
    59  005E                     wtemp0	set	94
    60  0060                     wtemp1	set	96
    61  0062                     wtemp2	set	98
    62  0064                     wtemp3	set	100
    63  0066                     wtemp4	set	102
    64  0068                     wtemp5	set	104
    65  005F                     wtemp6	set	95
    66  005E                     ttemp	set	94
    67  005E                     ttemp0	set	94
    68  0061                     ttemp1	set	97
    69  0064                     ttemp2	set	100
    70  0067                     ttemp3	set	103
    71  005F                     ttemp4	set	95
    72  005E                     ltemp	set	94
    73  005E                     ltemp0	set	94
    74  0062                     ltemp1	set	98
    75  0066                     ltemp2	set	102
    76  0060                     ltemp3	set	96
    77                           
    78                           	psect	cinit
    79  03FD                     start_initialization:	
    80  03FD                     __initialization:	
    81  03FD                     end_of_initialization:	
    82                           ;End of C runtime variable initialization code
    83                           
    84  03FD                     __end_of__initialization:	
    85  03FD  0183               	clrf	3
    86  03FE  2BFC               	ljmp	_main	;jump to C main() function
    87                           
    88                           	psect	cstackCOMMON
    89  0000                     __pcstackCOMMON:	
    90  0000                     ??_main:	
    91                           
    92                           	psect	cstackBANK0
    93  0020                     __pcstackBANK0:	
    94                           ; 0 bytes @ 0x0
    95                           
    96  0020                     ?_main:	
    97  0020                     main@argc:	
    98                           ; 2 bytes @ 0x0
    99                           
   100                           
   101                           ; 2 bytes @ 0x0
   102  0020                     	ds	2
   103  0022                     main@argv:	
   104                           
   105                           ; 2 bytes @ 0x2
   106  0022                     	ds	2


Data Sizes:
    Strings     0
    Constant    0
    Data        0
    BSS         0
    Persistent  0
    Stack       0

Auto Spaces:
    Space          Size  Autos    Used
    COMMON            0      0       0
    BANK0            62      4       4

Pointer List with Targets:

    None.

Critical Paths under _main in COMMON

    None.

Critical Paths under _main in BANK0

    None.

Call Graph Tables:

 ---------------------------------------------------------------------------------
 (Depth) Function   	        Calls       Base Space   Used Autos Params    Refs
 ---------------------------------------------------------------------------------
 (0) _main                                                 4     0      4       0
                                              0 BANK0      4     0      4
 ---------------------------------------------------------------------------------
 Estimated maximum stack depth 0
 ---------------------------------------------------------------------------------

 Call Graph Graphs:

 _main (ROOT)

 Address spaces:
Name               Size   Autos  Total    Cost      Usage
BITCOMMON            0      0       0       0        0.0%
EEDATA              80      0       0       0        0.0%
NULL                 0      0       0       0        0.0%
CODE                 0      0       0       0        0.0%
BITSFR0              0      0       0       1        0.0%
SFR0                 0      0       0       1        0.0%
COMMON               0      0       0       1        0.0%
BITSFR1              0      0       0       2        0.0%
SFR1                 0      0       0       2        0.0%
STACK                0      0       0       2        0.0%
BITBANK0            3E      0       0       3        0.0%
BANK0               3E      4       4       4        6.5%
ABS                  0      0       0       5        0.0%
DATA                 0      0       0       6        0.0%


Microchip Technology PIC Macro Assembler V1.33 build 59893 
Symbol Table                                                                                   Thu Oct 23 20:23:58 2014

            __CFG_CP$OFF 0000                     _main 03FC                     btemp 005E  
                   ltemp 005E                     start 0000                     ttemp 005E  
                   wtemp 005E            __CFG_MCLRE$ON 0000                    ?_main 0020  
          __CFG_WDTE$OFF 0000                    ltemp0 005E                    ltemp1 0062  
                  ltemp2 0066                    ltemp3 0060                    ttemp0 005E  
                  ttemp1 0061                    ttemp2 0064                    ttemp3 0067  
                  ttemp4 005F                    status 0003                    wtemp0 005E  
                  wtemp1 0060                    wtemp2 0062                    wtemp3 0064  
                  wtemp4 0066                    wtemp5 0068                    wtemp6 005F  
        __initialization 03FD             __end_of_main 03FD                   ??_main 0000  
__end_of__initialization 03FD           __pcstackCOMMON 0000               __pmaintext 03FC  
   end_of_initialization 03FD      start_initialization 03FD                ___latbits 0000  
          __pcstackBANK0 0020            __size_of_main 0001                 main@argc 0020  
               main@argv 0022  
